[debug] [2021-06-19T16:19:35.489Z] ----------------------------------------------------------------------
[debug] [2021-06-19T16:19:35.492Z] Command:       /usr/local/bin/node /usr/local/bin/firebase init
[debug] [2021-06-19T16:19:35.492Z] CLI Version:   9.13.1
[debug] [2021-06-19T16:19:35.492Z] Platform:      darwin
[debug] [2021-06-19T16:19:35.492Z] Node Version:  v14.15.1
[debug] [2021-06-19T16:19:35.494Z] Time:          Sat Jun 19 2021 21:49:35 GMT+0530 (India Standard Time)
[debug] [2021-06-19T16:19:35.494Z] ----------------------------------------------------------------------
[debug] 
[debug] [2021-06-19T16:19:35.500Z] > command requires scopes: ["email","openid","https://www.googleapis.com/auth/cloudplatformprojects.readonly","https://www.googleapis.com/auth/firebase","https://www.googleapis.com/auth/cloud-platform"]
[debug] [2021-06-19T16:19:35.500Z] > authorizing via signed-in user (madhuammulu8@gmail.com)
[info] 
     ######## #### ########  ######## ########     ###     ######  ########
     ##        ##  ##     ## ##       ##     ##  ##   ##  ##       ##
     ######    ##  ########  ######   ########  #########  ######  ######
     ##        ##  ##    ##  ##       ##     ## ##     ##       ## ##
     ##       #### ##     ## ######## ########  ##     ##  ######  ########

You're about to initialize a Firebase project in this directory:

  /Users/madhuammulu/Documents/ecom

[info] 
=== Project Setup
[info] 
[info] First, let's associate this project directory with a Firebase project.
[info] You can create multiple project aliases by running firebase use --add, 
[info] but for now we'll just set up a default project.
[info] 
[debug] [2021-06-19T16:19:41.820Z] > refreshing access token with scopes: []
[debug] [2021-06-19T16:19:41.820Z] >>> HTTP REQUEST POST https://www.googleapis.com/oauth2/v3/token  
 <request body omitted>
[debug] [2021-06-19T16:19:42.315Z] <<< HTTP RESPONSE 200 {"date":"Sat, 19 Jun 2021 16:19:45 GMT","expires":"Mon, 01 Jan 1990 00:00:00 GMT","pragma":"no-cache","cache-control":"no-cache, no-store, max-age=0, must-revalidate","content-type":"application/json; charset=utf-8","vary":"X-Origin, Referer, Origin,Accept-Encoding","server":"scaffolding on HTTPServer2","x-xss-protection":"0","x-frame-options":"SAMEORIGIN","x-content-type-options":"nosniff","alt-svc":"h3=\":443\"; ma=2592000,h3-29=\":443\"; ma=2592000,h3-T051=\":443\"; ma=2592000,h3-Q050=\":443\"; ma=2592000,h3-Q046=\":443\"; ma=2592000,h3-Q043=\":443\"; ma=2592000,quic=\":443\"; ma=2592000; v=\"46,43\"","accept-ranges":"none","transfer-encoding":"chunked"}
[debug] [2021-06-19T16:19:42.355Z] >>> [apiv2][query] GET https://firebase.googleapis.com/v1beta1/projects pageSize=100
[debug] [2021-06-19T16:19:43.129Z] <<< [apiv2][status] GET https://firebase.googleapis.com/v1beta1/projects 200
[debug] [2021-06-19T16:19:43.129Z] <<< [apiv2][body] GET https://firebase.googleapis.com/v1beta1/projects [omitted]
[info] i  Using project startup-b07a1 (startup) 
[info] 
=== Hosting Setup
[info] 
[info] Your public directory is the folder (relative to your project directory) that
[info] will contain Hosting assets to be uploaded with firebase deploy. If you
[info] have a build process for your assets, use your build's output directory.
[info] 
[debug] [2021-06-19T16:21:16.656Z] >>> [apiv2][query] GET https://www.gstatic.com/firebasejs/releases.json [none]
[debug] [2021-06-19T16:21:17.051Z] <<< [apiv2][status] GET https://www.gstatic.com/firebasejs/releases.json 200
[debug] [2021-06-19T16:21:17.051Z] <<< [apiv2][body] GET https://www.gstatic.com/firebasejs/releases.json {"current":{"version":"8.6.8","browserURL":"https://www.gstatic.com/firebasejs/8.6.8/firebase.js","packageURL":"https://www.gstatic.com/firebasejs/8.6.8/firebase.tgz"},"live":{"version":"8.6","browserURL":"https://www.gstatic.com/firebasejs/live/8.6/firebase.js","packageURL":"https://www.gstatic.com/firebasejs/live/8.6/firebase.tgz"},"components":{"analytics":"https://www.gstatic.com/firebasejs/8.6.8/firebase-analytics.js","app":"https://www.gstatic.com/firebasejs/8.6.8/firebase-app.js","app-check":"https://www.gstatic.com/firebasejs/8.6.8/firebase-app-check.js","auth":"https://www.gstatic.com/firebasejs/8.6.8/firebase-auth.js","database":"https://www.gstatic.com/firebasejs/8.6.8/firebase-database.js","firestore":"https://www.gstatic.com/firebasejs/8.6.8/firebase-firestore.js","functions":"https://www.gstatic.com/firebasejs/8.6.8/firebase-functions.js","installations":"https://www.gstatic.com/firebasejs/8.6.8/firebase-installations.js","messaging":"https://www.gstatic.com/firebasejs/8.6.8/firebase-messaging.js","storage":"https://www.gstatic.com/firebasejs/8.6.8/firebase-storage.js","performance":"https://www.gstatic.com/firebasejs/8.6.8/firebase-performance.js","remote-config":"https://www.gstatic.com/firebasejs/8.6.8/firebase-remote-config.js","firestore.memory":"https://www.gstatic.com/firebasejs/8.6.8/firebase-firestore.memory.js"}}
